<?xml version="1.0" encoding="UTF-8"?>
<!-- Generated by org.testng.reporters.JUnitReportReporter -->
<testsuite hostname="LIN51017941" failures="0" tests="1" name="tests.OneTest" time="3.261" errors="0" timestamp="2023-09-11T17:33:27 IST" skipped="0">
  <testcase classname="tests.OneTest" name="onetest" time="3.261"/>
</testsuite> <!-- tests.OneTest -->
